[     495ms] [LOG] [Fast Refresh] rebuilding @ webpack-internal:///(app-pages-browser)/./node_modules/next/dist/client/dev/hot-reloader/app/hot-reloader-app.js:196
[    6463ms] [LOG] [Fast Refresh] done in 5968ms @ webpack-internal:///(app-pages-browser)/./node_modules/next/dist/client/dev/report-hmr-latency.js:13
[    8114ms] [ERROR] Failed to load resource: the server responded with a status of 400 (Bad Request) @ http://localhost:3001/_next/image?url=https%3A%2F%2Fplacehold.co%2F560x380%2F1a1a1a%2Fe5c497%3Ftext%3DChat%2BConversation%2BView&w=1200&q=75:0
[    8255ms] [ERROR] Failed to load resource: the server responded with a status of 400 (Bad Request) @ http://localhost:3001/_next/image?url=https%3A%2F%2Fplacehold.co%2F560x380%2F1a1a1a%2Fe5c497%3Ftext%3DPresence%2B%2526%2BTyping%2BIndicators&w=128&q=75:0
[    8387ms] [ERROR] Failed to load resource: the server responded with a status of 400 (Bad Request) @ http://localhost:3001/_next/image?url=https%3A%2F%2Fplacehold.co%2F560x380%2F1a1a1a%2Fe5c497%3Ftext%3DPresence%2B%2526%2BTyping%2BIndicators&w=1200&q=75:0
[    8443ms] [ERROR] Failed to load resource: the server responded with a status of 400 (Bad Request) @ http://localhost:3001/_next/image?url=https%3A%2F%2Fplacehold.co%2F560x380%2F1a1a1a%2Fe5c497%3Ftext%3DChat%2BConversation%2BView&w=128&q=75:0
[    8666ms] [INFO] %cDownload the React DevTools for a better development experience: https://react.dev/link/react-devtools font-weight:bold @ webpack-internal:///(app-pages-browser)/./node_modules/next/dist/compiled/react-dom/cjs/react-dom-client.development.js:25630
[    8978ms] [WARNING] [React Flow]: It looks like you've created a new nodeTypes or edgeTypes object. If this wasn't on purpose please define the nodeTypes/edgeTypes outside of the component or memoize them. Help: https://reactflow.dev/error#002 @ webpack-internal:///(app-pages-browser)/./node_modules/@reactflow/core/dist/esm/index.mjs:223
[    8979ms] [WARNING] [React Flow]: It looks like you've created a new nodeTypes or edgeTypes object. If this wasn't on purpose please define the nodeTypes/edgeTypes outside of the component or memoize them. Help: https://reactflow.dev/error#002 @ webpack-internal:///(app-pages-browser)/./node_modules/@reactflow/core/dist/esm/index.mjs:223
[    9002ms] [WARNING] [React Flow]: It looks like you've created a new nodeTypes or edgeTypes object. If this wasn't on purpose please define the nodeTypes/edgeTypes outside of the component or memoize them. Help: https://reactflow.dev/error#002 @ webpack-internal:///(app-pages-browser)/./node_modules/@reactflow/core/dist/esm/index.mjs:223
[    9002ms] [WARNING] [React Flow]: It looks like you've created a new nodeTypes or edgeTypes object. If this wasn't on purpose please define the nodeTypes/edgeTypes outside of the component or memoize them. Help: https://reactflow.dev/error#002 @ webpack-internal:///(app-pages-browser)/./node_modules/@reactflow/core/dist/esm/index.mjs:223
[    9033ms] [WARNING] GSAP target #hero-overline not found. https://gsap.com @ webpack-internal:///(app-pages-browser)/./node_modules/gsap/gsap-core.js:164
[    9034ms] [WARNING] GSAP target #hero-sub not found. https://gsap.com @ webpack-internal:///(app-pages-browser)/./node_modules/gsap/gsap-core.js:164
[    9034ms] [WARNING] GSAP target #hero-ctas not found. https://gsap.com @ webpack-internal:///(app-pages-browser)/./node_modules/gsap/gsap-core.js:164
[    9035ms] [WARNING] GSAP target #hero-title not found. https://gsap.com @ webpack-internal:///(app-pages-browser)/./node_modules/gsap/gsap-core.js:164
[    9036ms] [WARNING] GSAP target null not found. https://gsap.com @ webpack-internal:///(app-pages-browser)/./node_modules/gsap/gsap-core.js:164
[    9037ms] [WARNING] GSAP target #hero-overline not found. https://gsap.com @ webpack-internal:///(app-pages-browser)/./node_modules/gsap/gsap-core.js:164
[    9037ms] [WARNING] GSAP target #hero-sub not found. https://gsap.com @ webpack-internal:///(app-pages-browser)/./node_modules/gsap/gsap-core.js:164
[    9038ms] [WARNING] GSAP target #hero-ctas not found. https://gsap.com @ webpack-internal:///(app-pages-browser)/./node_modules/gsap/gsap-core.js:164
[    9038ms] [WARNING] GSAP target #hero-badge not found. https://gsap.com @ webpack-internal:///(app-pages-browser)/./node_modules/gsap/gsap-core.js:164
[    9039ms] [WARNING] GSAP target #hero-scroll not found. https://gsap.com @ webpack-internal:///(app-pages-browser)/./node_modules/gsap/gsap-core.js:164
[    9057ms] [WARNING] GSAP target [data-arch-image] not found. https://gsap.com @ webpack-internal:///(app-pages-browser)/./node_modules/gsap/gsap-core.js:164
[    9058ms] [WARNING] GSAP target  not found. https://gsap.com @ webpack-internal:///(app-pages-browser)/./node_modules/gsap/gsap-core.js:164
[    9061ms] [WARNING] Element not found: [data-arch-image] @ webpack-internal:///(app-pages-browser)/./node_modules/gsap/Observer.js:138
[    9403ms] [LOG] %c[Vercel Web Analytics]%c Debug mode is enabled by default in development. No requests will be sent to the server. color: rgb(120, 120, 120) color: inherit @ https://va.vercel-scripts.com/v1/script.debug.js:0
[    9403ms] [LOG] %c[Vercel Web Analytics]%c Running queued event color: rgb(120, 120, 120) color: inherit pageview {route: /projects/[slug], path: /projects/real-time-chat-platform} @ https://va.vercel-scripts.com/v1/script.debug.js:0
[    9404ms] [LOG] %c[Vercel Web Analytics]%c [view] http://localhost:3001/projects/real-time-chat-platform color: rgb(120, 120, 120) color: inherit {o: http://localhost:3001/projects/real-time-chat-platform, sv: 0.1.3, sdkn: @vercel/analytics/next, sdkv: 2.0.1, ts: 1783701169738} /_vercel/insights/view @ https://va.vercel-scripts.com/v1/script.debug.js:0
[    9408ms] [LOG] %c[Vercel Speed Insights]%c Debug mode is enabled by default in development. No requests will be sent to the server. color: rgb(120, 120, 120) color: inherit @ https://va.vercel-scripts.com/v1/speed-insights/script.debug.js:0
[   11235ms] [WARNING] GSAP target #hero-title not found. https://gsap.com @ webpack-internal:///(app-pages-browser)/./node_modules/gsap/gsap-core.js:164
[   11236ms] [WARNING] GSAP target  not found. https://gsap.com @ webpack-internal:///(app-pages-browser)/./node_modules/gsap/gsap-core.js:164
[   11237ms] [WARNING] GSAP target  not found. https://gsap.com @ webpack-internal:///(app-pages-browser)/./node_modules/gsap/gsap-core.js:164
